2018-07-13 10:16:38,740 WARN  [org.keycloak.events] (default task-24) type=REFRESH_TOKEN_ERROR, realmId=master, clientId=security-admin-console, userId=null, ipAddress=127.0.0.1, error=invalid_token, grant_type=refresh_token, client_auth_method=client-secret
2018-07-13 11:15:30,534 ERROR [org.keycloak.services.error.KeycloakErrorHandler] (default task-64) Uncaught server error: com.fasterxml.jackson.core.JsonParseException: Unexpected character (''' (code 39)): expected a valid value (number, String, array, object, 'true', 'false' or 'null')
 at [Source: io.undertow.servlet.spec.ServletInputStreamImpl@7efdf3d3; line: 1, column: 2]
	at com.fasterxml.jackson.core.jackson-core//com.fasterxml.jackson.core.JsonParser._constructError(JsonParser.java:1702)
	at com.fasterxml.jackson.core.jackson-core//com.fasterxml.jackson.core.base.ParserMinimalBase._reportError(ParserMinimalBase.java:558)
	at com.fasterxml.jackson.core.jackson-core//com.fasterxml.jackson.core.base.ParserMinimalBase._reportUnexpectedChar(ParserMinimalBase.java:456)
	at com.fasterxml.jackson.core.jackson-core//com.fasterxml.jackson.core.json.UTF8StreamJsonParser._handleUnexpectedValue(UTF8StreamJsonParser.java:2689)
	at com.fasterxml.jackson.core.jackson-core//com.fasterxml.jackson.core.json.UTF8StreamJsonParser._nextTokenNotInObject(UTF8StreamJsonParser.java:878)
	at com.fasterxml.jackson.core.jackson-core//com.fasterxml.jackson.core.json.UTF8StreamJsonParser.nextToken(UTF8StreamJsonParser.java:772)
	at org.jboss.resteasy.resteasy-jackson2-provider//org.jboss.resteasy.plugins.providers.jackson.ResteasyJackson2Provider.readFrom(ResteasyJackson2Provider.java:123)
	at org.jboss.resteasy.resteasy-jaxrs//org.jboss.resteasy.core.interception.AbstractReaderInterceptorContext.readFrom(AbstractReaderInterceptorContext.java:66)
	at org.jboss.resteasy.resteasy-jaxrs//org.jboss.resteasy.core.interception.ServerReaderInterceptorContext.readFrom(ServerReaderInterceptorContext.java:61)
	at org.jboss.resteasy.resteasy-jaxrs//org.jboss.resteasy.core.interception.AbstractReaderInterceptorContext.proceed(AbstractReaderInterceptorContext.java:56)
	at org.jboss.resteasy.resteasy-crypto//org.jboss.resteasy.security.doseta.DigitalVerificationInterceptor.aroundReadFrom(DigitalVerificationInterceptor.java:36)
	at org.jboss.resteasy.resteasy-jaxrs//org.jboss.resteasy.core.interception.AbstractReaderInterceptorContext.proceed(AbstractReaderInterceptorContext.java:59)
	at org.jboss.resteasy.resteasy-jaxrs//org.jboss.resteasy.core.MessageBodyParameterInjector.inject(MessageBodyParameterInjector.java:151)
	at org.jboss.resteasy.resteasy-jaxrs//org.jboss.resteasy.core.MethodInjectorImpl.injectArguments(MethodInjectorImpl.java:92)
	at org.jboss.resteasy.resteasy-jaxrs//org.jboss.resteasy.core.MethodInjectorImpl.invoke(MethodInjectorImpl.java:115)
	at org.jboss.resteasy.resteasy-jaxrs//org.jboss.resteasy.core.ResourceMethodInvoker.invokeOnTarget(ResourceMethodInvoker.java:295)
	at org.jboss.resteasy.resteasy-jaxrs//org.jboss.resteasy.core.ResourceMethodInvoker.invoke(ResourceMethodInvoker.java:249)
	at org.jboss.resteasy.resteasy-jaxrs//org.jboss.resteasy.core.ResourceLocatorInvoker.invokeOnTargetObject(ResourceLocatorInvoker.java:138)
	at org.jboss.resteasy.resteasy-jaxrs//org.jboss.resteasy.core.ResourceLocatorInvoker.invoke(ResourceLocatorInvoker.java:107)
	at org.jboss.resteasy.resteasy-jaxrs//org.jboss.resteasy.core.ResourceLocatorInvoker.invokeOnTargetObject(ResourceLocatorInvoker.java:133)
	at org.jboss.resteasy.resteasy-jaxrs//org.jboss.resteasy.core.ResourceLocatorInvoker.invoke(ResourceLocatorInvoker.java:107)
	at org.jboss.resteasy.resteasy-jaxrs//org.jboss.resteasy.core.ResourceLocatorInvoker.invokeOnTargetObject(ResourceLocatorInvoker.java:133)
	at org.jboss.resteasy.resteasy-jaxrs//org.jboss.resteasy.core.ResourceLocatorInvoker.invoke(ResourceLocatorInvoker.java:107)
	at org.jboss.resteasy.resteasy-jaxrs//org.jboss.resteasy.core.ResourceLocatorInvoker.invokeOnTargetObject(ResourceLocatorInvoker.java:133)
	at org.jboss.resteasy.resteasy-jaxrs//org.jboss.resteasy.core.ResourceLocatorInvoker.invoke(ResourceLocatorInvoker.java:101)
	at org.jboss.resteasy.resteasy-jaxrs//org.jboss.resteasy.core.SynchronousDispatcher.invoke(SynchronousDispatcher.java:406)
	at org.jboss.resteasy.resteasy-jaxrs//org.jboss.resteasy.core.SynchronousDispatcher.invoke(SynchronousDispatcher.java:213)
	at org.jboss.resteasy.resteasy-jaxrs//org.jboss.resteasy.plugins.server.servlet.ServletContainerDispatcher.service(ServletContainerDispatcher.java:228)
	at org.jboss.resteasy.resteasy-jaxrs//org.jboss.resteasy.plugins.server.servlet.HttpServletDispatcher.service(HttpServletDispatcher.java:56)
	at org.jboss.resteasy.resteasy-jaxrs//org.jboss.resteasy.plugins.server.servlet.HttpServletDispatcher.service(HttpServletDispatcher.java:51)
	at javax.servlet.api//javax.servlet.http.HttpServlet.service(HttpServlet.java:790)
	at io.undertow.servlet//io.undertow.servlet.handlers.ServletHandler.handleRequest(ServletHandler.java:85)
	at io.undertow.servlet//io.undertow.servlet.handlers.FilterHandler$FilterChainImpl.doFilter(FilterHandler.java:129)
	at org.keycloak.keycloak-services//org.keycloak.services.filters.KeycloakSessionServletFilter.doFilter(KeycloakSessionServletFilter.java:90)
	at io.undertow.servlet//io.undertow.servlet.core.ManagedFilter.doFilter(ManagedFilter.java:61)
	at io.undertow.servlet//io.undertow.servlet.handlers.FilterHandler$FilterChainImpl.doFilter(FilterHandler.java:131)
	at io.undertow.servlet//io.undertow.servlet.handlers.FilterHandler.handleRequest(FilterHandler.java:84)
	at io.undertow.servlet//io.undertow.servlet.handlers.security.ServletSecurityRoleHandler.handleRequest(ServletSecurityRoleHandler.java:62)
	at io.undertow.servlet//io.undertow.servlet.handlers.ServletDispatchingHandler.handleRequest(ServletDispatchingHandler.java:36)
	at org.wildfly.extension.undertow//org.wildfly.extension.undertow.security.SecurityContextAssociationHandler.handleRequest(SecurityContextAssociationHandler.java:78)
	at io.undertow.core//io.undertow.server.handlers.PredicateHandler.handleRequest(PredicateHandler.java:43)
	at io.undertow.servlet//io.undertow.servlet.handlers.security.SSLInformationAssociationHandler.handleRequest(SSLInformationAssociationHandler.java:131)
	at io.undertow.servlet//io.undertow.servlet.handlers.security.ServletAuthenticationCallHandler.handleRequest(ServletAuthenticationCallHandler.java:57)
	at io.undertow.core//io.undertow.server.handlers.PredicateHandler.handleRequest(PredicateHandler.java:43)
	at io.undertow.core//io.undertow.security.handlers.AbstractConfidentialityHandler.handleRequest(AbstractConfidentialityHandler.java:46)
	at io.undertow.servlet//io.undertow.servlet.handlers.security.ServletConfidentialityConstraintHandler.handleRequest(ServletConfidentialityConstraintHandler.java:64)
	at io.undertow.core//io.undertow.security.handlers.AuthenticationMechanismsHandler.handleRequest(AuthenticationMechanismsHandler.java:60)
	at io.undertow.servlet//io.undertow.servlet.handlers.security.CachedAuthenticatedSessionHandler.handleRequest(CachedAuthenticatedSessionHandler.java:77)
	at io.undertow.core//io.undertow.security.handlers.NotificationReceiverHandler.handleRequest(NotificationReceiverHandler.java:50)
	at io.undertow.core//io.undertow.security.handlers.AbstractSecurityContextAssociationHandler.handleRequest(AbstractSecurityContextAssociationHandler.java:43)
	at io.undertow.core//io.undertow.server.handlers.PredicateHandler.handleRequest(PredicateHandler.java:43)
	at org.wildfly.extension.undertow//org.wildfly.extension.undertow.security.jacc.JACCContextIdHandler.handleRequest(JACCContextIdHandler.java:61)
	at io.undertow.core//io.undertow.server.handlers.PredicateHandler.handleRequest(PredicateHandler.java:43)
	at org.wildfly.extension.undertow//org.wildfly.extension.undertow.deployment.GlobalRequestControllerHandler.handleRequest(GlobalRequestControllerHandler.java:68)
	at io.undertow.core//io.undertow.server.handlers.PredicateHandler.handleRequest(PredicateHandler.java:43)
	at io.undertow.servlet//io.undertow.servlet.handlers.ServletInitialHandler.handleFirstRequest(ServletInitialHandler.java:292)
	at io.undertow.servlet//io.undertow.servlet.handlers.ServletInitialHandler.access$100(ServletInitialHandler.java:81)
	at io.undertow.servlet//io.undertow.servlet.handlers.ServletInitialHandler$2.call(ServletInitialHandler.java:138)
	at io.undertow.servlet//io.undertow.servlet.handlers.ServletInitialHandler$2.call(ServletInitialHandler.java:135)
	at io.undertow.servlet//io.undertow.servlet.core.ServletRequestContextThreadSetupAction$1.call(ServletRequestContextThreadSetupAction.java:48)
	at io.undertow.servlet//io.undertow.servlet.core.ContextClassLoaderSetupAction$1.call(ContextClassLoaderSetupAction.java:43)
	at org.wildfly.extension.undertow//org.wildfly.extension.undertow.security.SecurityContextThreadSetupAction.lambda$create$0(SecurityContextThreadSetupAction.java:105)
	at org.wildfly.extension.undertow//org.wildfly.extension.undertow.deployment.UndertowDeploymentInfoService$UndertowThreadSetupAction.lambda$create$0(UndertowDeploymentInfoService.java:1508)
	at org.wildfly.extension.undertow//org.wildfly.extension.undertow.deployment.UndertowDeploymentInfoService$UndertowThreadSetupAction.lambda$create$0(UndertowDeploymentInfoService.java:1508)
	at org.wildfly.extension.undertow//org.wildfly.extension.undertow.deployment.UndertowDeploymentInfoService$UndertowThreadSetupAction.lambda$create$0(UndertowDeploymentInfoService.java:1508)
	at org.wildfly.extension.undertow//org.wildfly.extension.undertow.deployment.UndertowDeploymentInfoService$UndertowThreadSetupAction.lambda$create$0(UndertowDeploymentInfoService.java:1508)
	at io.undertow.servlet//io.undertow.servlet.handlers.ServletInitialHandler.dispatchRequest(ServletInitialHandler.java:272)
	at io.undertow.servlet//io.undertow.servlet.handlers.ServletInitialHandler.access$000(ServletInitialHandler.java:81)
	at io.undertow.servlet//io.undertow.servlet.handlers.ServletInitialHandler$1.handleRequest(ServletInitialHandler.java:104)
	at io.undertow.core//io.undertow.server.Connectors.executeRootHandler(Connectors.java:326)
	at io.undertow.core//io.undertow.server.HttpServerExchange$1.run(HttpServerExchange.java:812)
	at java.base/java.util.concurrent.ThreadPoolExecutor.runWorker(ThreadPoolExecutor.java:1167)
	at java.base/java.util.concurrent.ThreadPoolExecutor$Worker.run(ThreadPoolExecutor.java:641)
	at java.base/java.lang.Thread.run(Thread.java:844)

2018-07-13 11:23:09,872 WARN  [org.keycloak.events] (default task-53) type=CLIENT_LOGIN_ERROR, realmId=HumanIPO, clientId=null, userId=null, ipAddress=127.0.0.1, error=invalid_client_credentials, grant_type=client_credentials
2018-07-13 11:26:47,790 WARN  [org.keycloak.events] (default task-52) type=CLIENT_LOGIN_ERROR, realmId=HumanIPO, clientId=null, userId=null, ipAddress=127.0.0.1, error=invalid_client_credentials, grant_type=client_credentials
2018-07-13 14:12:05,671 WARN  [org.keycloak.events] (default task-48) type=LOGIN_ERROR, realmId=HumanIPO, clientId=null, userId=null, ipAddress=127.0.0.1, error=expired_code, restart_after_timeout=true
2018-07-13 16:39:32,941 WARN  [org.keycloak.events] (default task-9) type=REFRESH_TOKEN_ERROR, realmId=HumanIPO, clientId=account, userId=null, ipAddress=127.0.0.1, error=invalid_token, grant_type=refresh_token, client_auth_method=client-secret
2018-07-13 17:18:22,873 WARN  [org.keycloak.events] (default task-10) type=REFRESH_TOKEN_ERROR, realmId=master, clientId=security-admin-console, userId=null, ipAddress=127.0.0.1, error=invalid_token, grant_type=refresh_token, client_auth_method=client-secret
2018-07-13 18:55:56,867 INFO  [org.jboss.as.server] (Thread-1) WFLYSRV0220: Server shutdown has been requested via an OS signal
2018-07-13 18:55:57,325 INFO  [org.jboss.as.connector.subsystems.datasources] (MSC service thread 1-5) WFLYJCA0010: Unbound data source [java:jboss/datasources/KeycloakDS]
2018-07-13 18:55:57,330 INFO  [org.wildfly.extension.undertow] (ServerService Thread Pool -- 56) WFLYUT0022: Unregistered web context: '/auth' from server 'default-server'
2018-07-13 18:55:57,347 INFO  [org.jboss.as.connector.subsystems.datasources] (MSC service thread 1-1) WFLYJCA0010: Unbound data source [java:jboss/datasources/PostgresDS]
2018-07-13 18:55:57,472 INFO  [org.wildfly.extension.undertow] (MSC service thread 1-3) WFLYUT0008: Undertow HTTPS listener https suspending
2018-07-13 18:55:57,592 INFO  [org.jboss.as.connector.deployers.jdbc] (MSC service thread 1-1) WFLYJCA0019: Stopped Driver service with driver-name = postgres
2018-07-13 18:55:57,645 INFO  [org.wildfly.extension.undertow] (MSC service thread 1-3) WFLYUT0007: Undertow HTTPS listener https stopped, was bound to 127.0.0.1:8443
2018-07-13 18:55:57,752 INFO  [org.jboss.as.connector.subsystems.datasources] (MSC service thread 1-4) WFLYJCA0010: Unbound data source [java:jboss/datasources/ExampleDS]
2018-07-13 18:55:57,766 INFO  [org.jboss.as.connector.deployers.jdbc] (MSC service thread 1-3) WFLYJCA0019: Stopped Driver service with driver-name = h2
2018-07-13 18:55:57,806 INFO  [org.wildfly.extension.undertow] (MSC service thread 1-8) WFLYUT0019: Host default-host stopping
2018-07-13 18:55:57,947 INFO  [org.jboss.as.clustering.infinispan] (ServerService Thread Pool -- 71) WFLYCLINF0003: Stopped loginFailures cache from keycloak container
2018-07-13 18:55:57,947 INFO  [org.jboss.as.clustering.infinispan] (ServerService Thread Pool -- 72) WFLYCLINF0003: Stopped authorization cache from keycloak container
2018-07-13 18:55:57,948 INFO  [org.jboss.as.clustering.infinispan] (ServerService Thread Pool -- 63) WFLYCLINF0003: Stopped keys cache from keycloak container
2018-07-13 18:55:57,948 INFO  [org.jboss.as.clustering.infinispan] (ServerService Thread Pool -- 70) WFLYCLINF0003: Stopped actionTokens cache from keycloak container
2018-07-13 18:55:57,948 INFO  [org.jboss.as.clustering.infinispan] (ServerService Thread Pool -- 69) WFLYCLINF0003: Stopped sessions cache from keycloak container
2018-07-13 18:55:57,948 INFO  [org.jboss.as.clustering.infinispan] (ServerService Thread Pool -- 65) WFLYCLINF0003: Stopped offlineClientSessions cache from keycloak container
2018-07-13 18:55:57,947 INFO  [org.jboss.as.clustering.infinispan] (ServerService Thread Pool -- 66) WFLYCLINF0003: Stopped authenticationSessions cache from keycloak container
2018-07-13 18:55:57,947 INFO  [org.jboss.as.clustering.infinispan] (ServerService Thread Pool -- 68) WFLYCLINF0003: Stopped clientSessions cache from keycloak container
2018-07-13 18:55:57,948 INFO  [org.jboss.as.clustering.infinispan] (ServerService Thread Pool -- 67) WFLYCLINF0003: Stopped work cache from keycloak container
2018-07-13 18:55:57,949 INFO  [org.jboss.as.clustering.infinispan] (ServerService Thread Pool -- 64) WFLYCLINF0003: Stopped realms cache from keycloak container
2018-07-13 18:55:57,949 INFO  [org.jboss.as.clustering.infinispan] (ServerService Thread Pool -- 62) WFLYCLINF0003: Stopped offlineSessions cache from keycloak container
2018-07-13 18:55:57,950 INFO  [org.jboss.as.clustering.infinispan] (ServerService Thread Pool -- 56) WFLYCLINF0003: Stopped users cache from keycloak container
2018-07-13 18:55:58,054 INFO  [org.jboss.as.server.deployment] (MSC service thread 1-7) WFLYSRV0028: Stopped deployment keycloak-server.war (runtime-name: keycloak-server.war) in 845ms
2018-07-13 18:55:58,072 INFO  [org.jboss.as.clustering.infinispan] (MSC service thread 1-2) WFLYCLINF0003: Stopped authorizationRevisions cache from keycloak container
2018-07-13 18:55:58,084 INFO  [org.jboss.as.clustering.infinispan] (MSC service thread 1-2) WFLYCLINF0003: Stopped realmRevisions cache from keycloak container
2018-07-13 18:55:58,097 INFO  [org.jboss.as.clustering.infinispan] (MSC service thread 1-2) WFLYCLINF0003: Stopped userRevisions cache from keycloak container
2018-07-13 18:55:58,116 INFO  [org.wildfly.extension.undertow] (MSC service thread 1-1) WFLYUT0008: Undertow HTTP listener default suspending
2018-07-13 18:55:58,124 INFO  [org.wildfly.extension.undertow] (MSC service thread 1-1) WFLYUT0007: Undertow HTTP listener default stopped, was bound to 127.0.0.1:8081
2018-07-13 18:55:58,128 INFO  [org.wildfly.extension.undertow] (MSC service thread 1-1) WFLYUT0004: Undertow 1.4.18.Final stopping
2018-07-13 18:55:58,228 INFO  [org.jboss.as.clustering.infinispan] (ServerService Thread Pool -- 61) WFLYCLINF0003: Stopped client-mappings cache from ejb container
2018-07-13 18:55:58,274 INFO  [org.jboss.as] (MSC service thread 1-8) WFLYSRV0050: Keycloak 4.0.0.Beta1 (WildFly Core 3.0.8.Final) stopped in 990ms
